Please report this error to author.
`:help eskk` to see author's e-mail address.

Tue Nov 29 17:01:27 2022

--- char ---
char: ''(0)
mode(): i
--- char ---

--- exception ---
exception type: Vim internal error
v:exception: Can't read '/root/.config/eskk/SKK-JISYO.L'!
v:throwpoint: function eskk#filter[75]..<SNR>57_asym_filter[18]..<SNR>57_handle_mode_local_char[1]..<SNR>57_handle_toggle[3]..eskk#toggle[5]..eskk#disable[33]..<SNR>57_dict_update_rank[1]..eskk#get_skk_dict[2]..eskk#dictionary#new[1]..<SNR>74_Dictionary_new[4]..<SNR>74_PhysicalDict_new[10]..<SNR>74_PhysicalDict_update_lines[9]..<SNR>74_PhysicalDict_update_lines_main, line 2

   function <SNR>74_PhysicalDict_update_lines_main() abort dict
1      unlockvar 1 self._content_lines
2      let self._content_lines  = readfile(self.path)
3      lockvar 1 self._content_lines
4      call self.parse_lines()
5   
6      let self._ftime_at_set = getftime(self.path)
   endfunction
--- exception ---

--- preedit ---
(no preedit)
--- preedit ---

--- Vim's :version ---
NVIM v0.8.1
Build type: RelWithDebInfo
LuaJIT 2.1.0-beta3
Compilation: /usr/bin/gcc-10 -U_FORTIFY_SOURCE -D_FORTIFY_SOURCE=1 -DNVIM_TS_HAS_SET_MATCH_LIMIT -DNVIM_TS_HAS_SET_ALLOCATOR -O2 -g -Og -g -Wall -Wextra -pedantic -Wno-unused-parameter -Wstrict-prototypes -std=gnu99 -Wshadow -Wconversion -Wdouble-promotion -Wmissing-noreturn -Wmissing-format-attribute -Wmissing-prototypes -Wimplicit-fallthrough -Wvla -fstack-protector-strong -fno-common -fdiagnostics-color=always -DINCLUDE_GENERATED_DECLARATIONS -D_GNU_SOURCE -DNVIM_MSGPACK_HAS_FLOAT32 -DNVIM_UNIBI_HAS_VAR_FROM -DMIN_LOG_LEVEL=3 -I/__w/neovim/neovim/build/cmake.config -I/__w/neovim/neovim/src -I/__w/neovim/neovim/.deps/usr/include -I/usr/include -I/__w/neovim/neovim/build/src/nvim/auto -I/__w/neovim/neovim/build/include
Compiled by root@08a8cca64bea

Features: +acl +iconv +tui
See ":help feature-compile"

   system vimrc file: "$VIM/sysinit.vim"
  fall-back for $VIM: "/__w/neovim/neovim/build/nvim.AppDir/usr/share/nvim"

Run :checkhealth for more info
--- Vim's :version ---


--- Operating System ---
"uname -a" = Linux DESKTOP-1PF4AT3 5.10.16.3-microsoft-standard-WSL2 #1 SMP Fri Apr 2 22:23:49 UTC 2021 x86_64 x86_64 x86_64 GNU/Linux
--- Operating System ---

--- feature-list ---
gui_running = 0
unix = 1
mac = 0
macunix = 0
win16 = 0
win32 = 0
win64 = 0
win32unix = 0
win95 = 0
amiga = 0
beos = 0
dos16 = 0
dos32 = 0
os2 = 0
qnx = 0
vms = 0
--- feature-list ---
