Kuzu-Wasm Deno Demo - Viteでの開発サーバー起動
Forced re-optimization of dependencies
サーバー起動完了
  ➜  Local:   http://localhost:8000/
  ➜  Network: use --host to expose
» Kuzu-WASM ESMモジュールを読み込みました
» Kuzu-Wasmを初期化中...
» KuzuWasmデフォルトエクスポート: object
» KuzuWasmモジュールキー: default
» Kuzuインスタンス型: object
» データベースを作成しました
» データベースに接続しました
» CSVファイルを読み込み中...
» CSVデータ: id,name,country
  1,John,USA
  2,Maria,Spain
  3,Yuki,Japan
  4,Ahmed,Egypt
  5,Sofia,Brazil...
» CSVファイルをkuzu FSに書き込みました
» クエリ実行: CREATE NODE TABLE User(id INT64, name STRING, country STRING, PRIMARY KEY (id))
» テーブル作成完了
» クエリ実行: COPY User FROM '/remote_data.csv'
» データ読み込み完了
» クエリ実行: MATCH (a:User) RETURN a.*
» クエリ結果: [
    {
      "a.id": 1,
      "a.name": "John",
      "a.country": "USA"
    },
    {
      "a.id": 2,
      "a.name": "Maria",
      "a.country": "Spain"
    },
    {
      "a.id": 3,
      "a.name": "Yuki",
      "a.country": "Japan"
    },
    {
      "a.id": 4,
      "a.name": "Ahmed",
      "a.country": "Egypt"
    },
    {
      "a.id": 5,
      "a.name": "Sofia",
      "a.country": "Brazil"
    }
  ]
» 接続をクローズしています...
» 接続がクローズされました
» データベースがクローズされました
» デモ完了
5:12:24 AM [vite] page reload src/main.ts
» Kuzu-WASM ESMモジュールを読み込みました
» Kuzu-Wasmを初期化中...
» KuzuWasmデフォルトエクスポート: object
» KuzuWasmモジュールキー: default
» Kuzuインスタンス型: object
» データベースを作成しました
» データベースに接続しました
» CSVファイルを読み込み中...
» CSVデータ: id,name,country
  1,John,USA
  2,Maria,Spain
  3,Yuki,Japan
  4,Ahmed,Egypt
  5,Sofia,Brazil...
» CSVファイルをkuzu FSに書き込みました
» クエリ実行: CREATE NODE TABLE User(id INT64, name STRING, country STRING, PRIMARY KEY (id))
» テーブル作成完了
» クエリ実行: COPY User FROM '/remote_data.csv'
» データ読み込み完了
» クエリ実行: MATCH (a:User) RETURN a.*
» クエリ結果: [
    {
      "a.id": 1,
      "a.name": "John",
      "a.country": "USA"
    },
    {
      "a.id": 2,
      "a.name": "Maria",
      "a.country": "Spain"
    },
    {
      "a.id": 3,
      "a.name": "Yuki",
      "a.country": "Japan"
    },
    {
      "a.id": 4,
      "a.name": "Ahmed",
      "a.country": "Egypt"
    },
    {
      "a.id": 5,
      "a.name": "Sofia",
      "a.country": "Brazil"
    }
  ]
» 接続をクローズしています...
» 接続がクローズされました
» データベースがクローズされました
» デモ完了
